<?xml version="1.0" encoding="UTF-8"?>
<testsuite xmlns:xsi="http://www.w3.org/2001/XMLSchema-instance" xsi:noNamespaceSchemaLocation="https://maven.apache.org/surefire/maven-surefire-plugin/xsd/surefire-test-report-3.0.xsd" version="3.0" name="TestSuite" time="11.775" tests="10" errors="0" skipped="9" failures="1">
  <properties>
[...]
</properties>
  <testcase name="setup" classname="com.qa.TestLayer.TestCase_001" time="11.245">
    <failure message="session not created: This version of ChromeDriver only supports Chrome version 114&#10;Current browser version is 122.0.6261.112 with binary path C:\Program Files (x86)\Google\Chrome\Application\chrome.exe&#10;Build info: version: &apos;3.141.59&apos;, revision: &apos;e82be7d358&apos;, time: &apos;2018-11-14T08:17:03&apos;&#10;System info: host: &apos;DESKTOP-S1MQ5B3&apos;, ip: &apos;192.168.0.5&apos;, os.name: &apos;Windows 11&apos;, os.arch: &apos;amd64&apos;, os.version: &apos;10.0&apos;, java.version: &apos;19.0.2&apos;&#10;Driver info: driver.version: ChromeDriver&#10;remote stacktrace: Backtrace:&#10;	GetHandleVerifier [0x0044A813+48355]&#10;	(No symbol) [0x003DC4B1]&#10;	(No symbol) [0x002E5358]&#10;	(No symbol) [0x003061AC]&#10;	(No symbol) [0x00301EF3]&#10;	(No symbol) [0x00300579]&#10;	(No symbol) [0x00330C55]&#10;	(No symbol) [0x0033093C]&#10;	(No symbol) [0x0032A536]&#10;	(No symbol) [0x003082DC]&#10;	(No symbol) [0x003093DD]&#10;	GetHandleVerifier [0x006AAABD+2539405]&#10;	GetHandleVerifier [0x006EA78F+2800735]&#10;	GetHandleVerifier [0x006E456C+2775612]&#10;	GetHandleVerifier [0x004D51E0+616112]&#10;	(No symbol) [0x003E5F8C]&#10;	(No symbol) [0x003E2328]&#10;	(No symbol) [0x003E240B]&#10;	(No symbol) [0x003D4FF7]&#10;	BaseThreadInitThunk [0x765B7BA9+25]&#10;	RtlInitializeExceptionChain [0x7706BD2B+107]&#10;	RtlClearBits [0x7706BCAF+191]&#10;" type="org.openqa.selenium.SessionNotCreatedException"><![CDATA[org.openqa.selenium.SessionNotCreatedException: 
session not created: This version of ChromeDriver only supports Chrome version 114
Current browser version is 122.0.6261.112 with binary path C:\Program Files (x86)\Google\Chrome\Application\chrome.exe
Build info: version: '3.141.59', revision: 'e82be7d358', time: '2018-11-14T08:17:03'
System info: host: 'DESKTOP-S1MQ5B3', ip: '192.168.0.5', os.name: 'Windows 11', os.arch: 'amd64', os.version: '10.0', java.version: '19.0.2'
Driver info: driver.version: ChromeDriver
remote stacktrace: Backtrace:
	GetHandleVerifier [0x0044A813+48355]
	(No symbol) [0x003DC4B1]
	(No symbol) [0x002E5358]
	(No symbol) [0x003061AC]
	(No symbol) [0x00301EF3]
	(No symbol) [0x00300579]
	(No symbol) [0x00330C55]
	(No symbol) [0x0033093C]
	(No symbol) [0x0032A536]
	(No symbol) [0x003082DC]
	(No symbol) [0x003093DD]
	GetHandleVerifier [0x006AAABD+2539405]
	GetHandleVerifier [0x006EA78F+2800735]
	GetHandleVerifier [0x006E456C+2775612]
	GetHandleVerifier [0x004D51E0+616112]
	(No symbol) [0x003E5F8C]
	(No symbol) [0x003E2328]
	(No symbol) [0x003E240B]
	(No symbol) [0x003D4FF7]
	BaseThreadInitThunk [0x765B7BA9+25]
	RtlInitializeExceptionChain [0x7706BD2B+107]
	RtlClearBits [0x7706BCAF+191]

	at java.base/jdk.internal.reflect.DirectConstructorHandleAccessor.newInstance(DirectConstructorHandleAccessor.java:67)
	at java.base/java.lang.reflect.Constructor.newInstanceWithCaller(Constructor.java:500)
	at java.base/java.lang.reflect.Constructor.newInstance(Constructor.java:484)
	at org.openqa.selenium.remote.W3CHandshakeResponse.lambda$errorHandler$0(W3CHandshakeResponse.java:62)
	at org.openqa.selenium.remote.HandshakeResponse.lambda$getResponseFunction$0(HandshakeResponse.java:30)
	at org.openqa.selenium.remote.ProtocolHandshake.lambda$createSession$0(ProtocolHandshake.java:126)
	at java.base/java.util.stream.ReferencePipeline$3$1.accept(ReferencePipeline.java:197)
	at java.base/java.util.Spliterators$ArraySpliterator.tryAdvance(Spliterators.java:1016)
	at java.base/java.util.stream.ReferencePipeline.forEachWithCancel(ReferencePipeline.java:129)
	at java.base/java.util.stream.AbstractPipeline.copyIntoWithCancel(AbstractPipeline.java:527)
	at java.base/java.util.stream.AbstractPipeline.copyInto(AbstractPipeline.java:513)
	at java.base/java.util.stream.AbstractPipeline.wrapAndCopyInto(AbstractPipeline.java:499)
	at java.base/java.util.stream.FindOps$FindOp.evaluateSequential(FindOps.java:150)
	at java.base/java.util.stream.AbstractPipeline.evaluate(AbstractPipeline.java:234)
	at java.base/java.util.stream.ReferencePipeline.findFirst(ReferencePipeline.java:647)
	at org.openqa.selenium.remote.ProtocolHandshake.createSession(ProtocolHandshake.java:128)
	at org.openqa.selenium.remote.ProtocolHandshake.createSession(ProtocolHandshake.java:74)
	at org.openqa.selenium.remote.HttpCommandExecutor.execute(HttpCommandExecutor.java:136)
	at org.openqa.selenium.remote.service.DriverCommandExecutor.execute(DriverCommandExecutor.java:83)
	at org.openqa.selenium.remote.RemoteWebDriver.execute(RemoteWebDriver.java:552)
	at org.openqa.selenium.remote.RemoteWebDriver.startSession(RemoteWebDriver.java:213)
	at org.openqa.selenium.remote.RemoteWebDriver.<init>(RemoteWebDriver.java:131)
	at org.openqa.selenium.chrome.ChromeDriver.<init>(ChromeDriver.java:181)
	at org.openqa.selenium.chrome.ChromeDriver.<init>(ChromeDriver.java:168)
	at org.openqa.selenium.chrome.ChromeDriver.<init>(ChromeDriver.java:123)
	at com.qa.baseLayer.TestBase.setup(TestBase.java:43)
	at java.base/jdk.internal.reflect.DirectMethodHandleAccessor.invoke(DirectMethodHandleAccessor.java:104)
	at java.base/java.lang.reflect.Method.invoke(Method.java:578)
	at org.testng.internal.MethodInvocationHelper.invokeMethod(MethodInvocationHelper.java:108)
	at org.testng.internal.Invoker.invokeConfigurationMethod(Invoker.java:523)
	at org.testng.internal.Invoker.invokeConfigurations(Invoker.java:224)
	at org.testng.internal.Invoker.invokeMethod(Invoker.java:599)
	at org.testng.internal.Invoker.invokeTestMethod(Invoker.java:869)
	at org.testng.internal.Invoker.invokeTestMethods(Invoker.java:1193)
	at org.testng.internal.TestMethodWorker.invokeTestMethods(TestMethodWorker.java:126)
	at org.testng.internal.TestMethodWorker.run(TestMethodWorker.java:109)
	at org.testng.TestRunner.privateRun(TestRunner.java:744)
	at org.testng.TestRunner.run(TestRunner.java:602)
	at org.testng.SuiteRunner.runTest(SuiteRunner.java:380)
	at org.testng.SuiteRunner.runSequentially(SuiteRunner.java:375)
	at org.testng.SuiteRunner.privateRun(SuiteRunner.java:340)
	at org.testng.SuiteRunner.run(SuiteRunner.java:289)
	at org.testng.SuiteRunnerWorker.runSuite(SuiteRunnerWorker.java:52)
	at org.testng.SuiteRunnerWorker.run(SuiteRunnerWorker.java:86)
	at org.testng.TestNG.runSuitesSequentially(TestNG.java:1301)
	at org.testng.TestNG.runSuitesLocally(TestNG.java:1226)
	at org.testng.TestNG.runSuites(TestNG.java:1144)
	at org.testng.TestNG.run(TestNG.java:1115)
	at org.apache.maven.surefire.testng.TestNGExecutor.run(TestNGExecutor.java:308)
	at org.apache.maven.surefire.testng.TestNGXmlTestSuite.execute(TestNGXmlTestSuite.java:71)
	at org.apache.maven.surefire.testng.TestNGProvider.invoke(TestNGProvider.java:113)
	at org.apache.maven.surefire.booter.ForkedBooter.runSuitesInProcess(ForkedBooter.java:385)
	at org.apache.maven.surefire.booter.ForkedBooter.execute(ForkedBooter.java:162)
	at org.apache.maven.surefire.booter.ForkedBooter.run(ForkedBooter.java:507)
	at org.apache.maven.surefire.booter.ForkedBooter.main(ForkedBooter.java:495)
]]></failure>
    <system-out><![CDATA[[TestNGContentHandler] [WARN] It is strongly recommended to add "<!DOCTYPE suite SYSTEM "http://testng.org/testng-1.0.dtd" >" at the top of your file, otherwise TestNG may fail or not work as expected.
https://www.hyrtutorials.com/p/basic-controls.html
5
4
4
]]></system-out>
    <system-err><![CDATA[SLF4J: No SLF4J providers were found.
SLF4J: Defaulting to no-operation (NOP) logger implementation
SLF4J: See https://www.slf4j.org/codes.html#noProviders for further details.
Starting ChromeDriver 114.0.5735.90 (386bc09e8f4f2e025eddae123f36f6263096ae49-refs/branch-heads/5735@{#1052}) on port 13037
Only local connections are allowed.
Please see https://chromedriver.chromium.org/security-considerations for suggestions on keeping ChromeDriver safe.
ChromeDriver was started successfully.
]]></system-err>
  </testcase>
  <testcase name="setup" classname="com.qa.TestLayer.TestCase_001" time="0">
    <skipped/>
  </testcase>
  <testcase name="setup" classname="com.qa.TestLayer.TestCase_001" time="0">
    <skipped/>
  </testcase>
  <testcase name="setup" classname="com.qa.TestLayer.TestCase_001" time="0">
    <skipped/>
  </testcase>
  <testcase name="setup" classname="com.qa.TestLayer.TestCase_001" time="0">
    <skipped/>
  </testcase>
  <testcase name="formFill" classname="com.qa.TestLayer.TestCase_001" time="0">
    <skipped message="session not created: This version of ChromeDriver only supports Chrome version 114&#10;Current browser version is 122.0.6261.112 with binary path C:\Program Files (x86)\Google\Chrome\Application\chrome.exe&#10;Build info: version: &apos;3.141.59&apos;, revision: &apos;e82be7d358&apos;, time: &apos;2018-11-14T08:17:03&apos;&#10;System info: host: &apos;DESKTOP-S1MQ5B3&apos;, ip: &apos;192.168.0.5&apos;, os.name: &apos;Windows 11&apos;, os.arch: &apos;amd64&apos;, os.version: &apos;10.0&apos;, java.version: &apos;19.0.2&apos;&#10;Driver info: driver.version: ChromeDriver&#10;remote stacktrace: Backtrace:&#10;	GetHandleVerifier [0x0044A813+48355]&#10;	(No symbol) [0x003DC4B1]&#10;	(No symbol) [0x002E5358]&#10;	(No symbol) [0x003061AC]&#10;	(No symbol) [0x00301EF3]&#10;	(No symbol) [0x00300579]&#10;	(No symbol) [0x00330C55]&#10;	(No symbol) [0x0033093C]&#10;	(No symbol) [0x0032A536]&#10;	(No symbol) [0x003082DC]&#10;	(No symbol) [0x003093DD]&#10;	GetHandleVerifier [0x006AAABD+2539405]&#10;	GetHandleVerifier [0x006EA78F+2800735]&#10;	GetHandleVerifier [0x006E456C+2775612]&#10;	GetHandleVerifier [0x004D51E0+616112]&#10;	(No symbol) [0x003E5F8C]&#10;	(No symbol) [0x003E2328]&#10;	(No symbol) [0x003E240B]&#10;	(No symbol) [0x003D4FF7]&#10;	BaseThreadInitThunk [0x765B7BA9+25]&#10;	RtlInitializeExceptionChain [0x7706BD2B+107]&#10;	RtlClearBits [0x7706BCAF+191]&#10;"/>
    <system-out><![CDATA[on test skipped
]]></system-out>
  </testcase>
  <testcase name="formFill" classname="com.qa.TestLayer.TestCase_001" time="0">
    <skipped message="session not created: This version of ChromeDriver only supports Chrome version 114&#10;Current browser version is 122.0.6261.112 with binary path C:\Program Files (x86)\Google\Chrome\Application\chrome.exe&#10;Build info: version: &apos;3.141.59&apos;, revision: &apos;e82be7d358&apos;, time: &apos;2018-11-14T08:17:03&apos;&#10;System info: host: &apos;DESKTOP-S1MQ5B3&apos;, ip: &apos;192.168.0.5&apos;, os.name: &apos;Windows 11&apos;, os.arch: &apos;amd64&apos;, os.version: &apos;10.0&apos;, java.version: &apos;19.0.2&apos;&#10;Driver info: driver.version: ChromeDriver&#10;remote stacktrace: Backtrace:&#10;	GetHandleVerifier [0x0044A813+48355]&#10;	(No symbol) [0x003DC4B1]&#10;	(No symbol) [0x002E5358]&#10;	(No symbol) [0x003061AC]&#10;	(No symbol) [0x00301EF3]&#10;	(No symbol) [0x00300579]&#10;	(No symbol) [0x00330C55]&#10;	(No symbol) [0x0033093C]&#10;	(No symbol) [0x0032A536]&#10;	(No symbol) [0x003082DC]&#10;	(No symbol) [0x003093DD]&#10;	GetHandleVerifier [0x006AAABD+2539405]&#10;	GetHandleVerifier [0x006EA78F+2800735]&#10;	GetHandleVerifier [0x006E456C+2775612]&#10;	GetHandleVerifier [0x004D51E0+616112]&#10;	(No symbol) [0x003E5F8C]&#10;	(No symbol) [0x003E2328]&#10;	(No symbol) [0x003E240B]&#10;	(No symbol) [0x003D4FF7]&#10;	BaseThreadInitThunk [0x765B7BA9+25]&#10;	RtlInitializeExceptionChain [0x7706BD2B+107]&#10;	RtlClearBits [0x7706BCAF+191]&#10;"/>
    <system-out><![CDATA[on test skipped
]]></system-out>
  </testcase>
  <testcase name="formFill" classname="com.qa.TestLayer.TestCase_001" time="0">
    <skipped message="session not created: This version of ChromeDriver only supports Chrome version 114&#10;Current browser version is 122.0.6261.112 with binary path C:\Program Files (x86)\Google\Chrome\Application\chrome.exe&#10;Build info: version: &apos;3.141.59&apos;, revision: &apos;e82be7d358&apos;, time: &apos;2018-11-14T08:17:03&apos;&#10;System info: host: &apos;DESKTOP-S1MQ5B3&apos;, ip: &apos;192.168.0.5&apos;, os.name: &apos;Windows 11&apos;, os.arch: &apos;amd64&apos;, os.version: &apos;10.0&apos;, java.version: &apos;19.0.2&apos;&#10;Driver info: driver.version: ChromeDriver&#10;remote stacktrace: Backtrace:&#10;	GetHandleVerifier [0x0044A813+48355]&#10;	(No symbol) [0x003DC4B1]&#10;	(No symbol) [0x002E5358]&#10;	(No symbol) [0x003061AC]&#10;	(No symbol) [0x00301EF3]&#10;	(No symbol) [0x00300579]&#10;	(No symbol) [0x00330C55]&#10;	(No symbol) [0x0033093C]&#10;	(No symbol) [0x0032A536]&#10;	(No symbol) [0x003082DC]&#10;	(No symbol) [0x003093DD]&#10;	GetHandleVerifier [0x006AAABD+2539405]&#10;	GetHandleVerifier [0x006EA78F+2800735]&#10;	GetHandleVerifier [0x006E456C+2775612]&#10;	GetHandleVerifier [0x004D51E0+616112]&#10;	(No symbol) [0x003E5F8C]&#10;	(No symbol) [0x003E2328]&#10;	(No symbol) [0x003E240B]&#10;	(No symbol) [0x003D4FF7]&#10;	BaseThreadInitThunk [0x765B7BA9+25]&#10;	RtlInitializeExceptionChain [0x7706BD2B+107]&#10;	RtlClearBits [0x7706BCAF+191]&#10;"/>
    <system-out><![CDATA[on test skipped
]]></system-out>
  </testcase>
  <testcase name="formFill" classname="com.qa.TestLayer.TestCase_001" time="0">
    <skipped message="session not created: This version of ChromeDriver only supports Chrome version 114&#10;Current browser version is 122.0.6261.112 with binary path C:\Program Files (x86)\Google\Chrome\Application\chrome.exe&#10;Build info: version: &apos;3.141.59&apos;, revision: &apos;e82be7d358&apos;, time: &apos;2018-11-14T08:17:03&apos;&#10;System info: host: &apos;DESKTOP-S1MQ5B3&apos;, ip: &apos;192.168.0.5&apos;, os.name: &apos;Windows 11&apos;, os.arch: &apos;amd64&apos;, os.version: &apos;10.0&apos;, java.version: &apos;19.0.2&apos;&#10;Driver info: driver.version: ChromeDriver&#10;remote stacktrace: Backtrace:&#10;	GetHandleVerifier [0x0044A813+48355]&#10;	(No symbol) [0x003DC4B1]&#10;	(No symbol) [0x002E5358]&#10;	(No symbol) [0x003061AC]&#10;	(No symbol) [0x00301EF3]&#10;	(No symbol) [0x00300579]&#10;	(No symbol) [0x00330C55]&#10;	(No symbol) [0x0033093C]&#10;	(No symbol) [0x0032A536]&#10;	(No symbol) [0x003082DC]&#10;	(No symbol) [0x003093DD]&#10;	GetHandleVerifier [0x006AAABD+2539405]&#10;	GetHandleVerifier [0x006EA78F+2800735]&#10;	GetHandleVerifier [0x006E456C+2775612]&#10;	GetHandleVerifier [0x004D51E0+616112]&#10;	(No symbol) [0x003E5F8C]&#10;	(No symbol) [0x003E2328]&#10;	(No symbol) [0x003E240B]&#10;	(No symbol) [0x003D4FF7]&#10;	BaseThreadInitThunk [0x765B7BA9+25]&#10;	RtlInitializeExceptionChain [0x7706BD2B+107]&#10;	RtlClearBits [0x7706BCAF+191]&#10;"/>
    <system-out><![CDATA[on test skipped
]]></system-out>
  </testcase>
  <testcase name="validateLinkTxt" classname="com.qa.TestLayer.TestCase_001" time="0">
    <skipped message="session not created: This version of ChromeDriver only supports Chrome version 114&#10;Current browser version is 122.0.6261.112 with binary path C:\Program Files (x86)\Google\Chrome\Application\chrome.exe&#10;Build info: version: &apos;3.141.59&apos;, revision: &apos;e82be7d358&apos;, time: &apos;2018-11-14T08:17:03&apos;&#10;System info: host: &apos;DESKTOP-S1MQ5B3&apos;, ip: &apos;192.168.0.5&apos;, os.name: &apos;Windows 11&apos;, os.arch: &apos;amd64&apos;, os.version: &apos;10.0&apos;, java.version: &apos;19.0.2&apos;&#10;Driver info: driver.version: ChromeDriver&#10;remote stacktrace: Backtrace:&#10;	GetHandleVerifier [0x0044A813+48355]&#10;	(No symbol) [0x003DC4B1]&#10;	(No symbol) [0x002E5358]&#10;	(No symbol) [0x003061AC]&#10;	(No symbol) [0x00301EF3]&#10;	(No symbol) [0x00300579]&#10;	(No symbol) [0x00330C55]&#10;	(No symbol) [0x0033093C]&#10;	(No symbol) [0x0032A536]&#10;	(No symbol) [0x003082DC]&#10;	(No symbol) [0x003093DD]&#10;	GetHandleVerifier [0x006AAABD+2539405]&#10;	GetHandleVerifier [0x006EA78F+2800735]&#10;	GetHandleVerifier [0x006E456C+2775612]&#10;	GetHandleVerifier [0x004D51E0+616112]&#10;	(No symbol) [0x003E5F8C]&#10;	(No symbol) [0x003E2328]&#10;	(No symbol) [0x003E240B]&#10;	(No symbol) [0x003D4FF7]&#10;	BaseThreadInitThunk [0x765B7BA9+25]&#10;	RtlInitializeExceptionChain [0x7706BD2B+107]&#10;	RtlClearBits [0x7706BCAF+191]&#10;"/>
    <system-out><![CDATA[on test skipped
]]></system-out>
  </testcase>
</testsuite>